OpenSTA 3.1.0 1eb2e9b11d Copyright (c) 2026, Parallax Software, Inc.
License GPLv3: GNU GPL version 3 <http://gnu.org/licenses/gpl.html>

This is free software, and you are free to change and redistribute it
under certain conditions; type `show_copying' for details. 
This program comes with ABSOLUTELY NO WARRANTY; for details type `show_warranty'.
 time 1ns
 capacitance 1pF
 resistance 1kohm
 voltage 1v
 current 1mA
 power 1nW
 distance 1um
Startpoint: B[0] (input port clocked by clk)
Endpoint: Sum[3] (output port clocked by clk)
Path Group: clk
Path Type: max

Fanout     Cap    Slew   Delay    Time   Description
-----------------------------------------------------------------------------
                  0.00    0.00    0.00   clock clk (rise edge)
                          0.00    0.00   clock network delay (ideal)
                          0.00    0.00 ^ input external delay
     2    0.00    0.03    0.02    0.02 ^ B[0] (in)
                  0.03    0.00    0.02 ^ x1/x1/B (sky130_fd_sc_hd__nand2_1)
     3    0.01    0.06    0.06    0.08 v x1/x1/Y (sky130_fd_sc_hd__nand2_1)
                  0.06    0.00    0.08 v x1/x2/B (sky130_fd_sc_hd__nand2_1)
     1    0.00    0.04    0.06    0.14 ^ x1/x2/Y (sky130_fd_sc_hd__nand2_1)
                  0.04    0.00    0.14 ^ x1/x4/A (sky130_fd_sc_hd__nand2_1)
     2    0.00    0.04    0.05    0.20 v x1/x4/Y (sky130_fd_sc_hd__nand2_1)
                  0.04    0.00    0.20 v x1/x5/A (sky130_fd_sc_hd__nand2_1)
     3    0.01    0.08    0.08    0.28 ^ x1/x5/Y (sky130_fd_sc_hd__nand2_1)
                  0.08    0.00    0.28 ^ x1/x9/B (sky130_fd_sc_hd__nand2_1)
     2    0.00    0.05    0.07    0.34 v x1/x9/Y (sky130_fd_sc_hd__nand2_1)
                  0.05    0.00    0.34 v x2/x5/B (sky130_fd_sc_hd__nand2_1)
     3    0.01    0.08    0.09    0.43 ^ x2/x5/Y (sky130_fd_sc_hd__nand2_1)
                  0.08    0.00    0.43 ^ x2/x9/B (sky130_fd_sc_hd__nand2_1)
     2    0.00    0.05    0.07    0.50 v x2/x9/Y (sky130_fd_sc_hd__nand2_1)
                  0.05    0.00    0.50 v x3/x5/B (sky130_fd_sc_hd__nand2_1)
     3    0.01    0.08    0.09    0.59 ^ x3/x5/Y (sky130_fd_sc_hd__nand2_1)
                  0.08    0.00    0.59 ^ x3/x9/B (sky130_fd_sc_hd__nand2_1)
     2    0.00    0.05    0.07    0.66 v x3/x9/Y (sky130_fd_sc_hd__nand2_1)
                  0.05    0.00    0.66 v x4/x5/B (sky130_fd_sc_hd__nand2_1)
     3    0.01    0.08    0.09    0.75 ^ x4/x5/Y (sky130_fd_sc_hd__nand2_1)
                  0.08    0.00    0.75 ^ x4/x7/A (sky130_fd_sc_hd__nand2_1)
     1    0.00    0.04    0.05    0.80 v x4/x7/Y (sky130_fd_sc_hd__nand2_1)
                  0.04    0.00    0.80 v x4/x8/B (sky130_fd_sc_hd__nand2_1)
     1    0.01    0.11    0.10    0.90 ^ x4/x8/Y (sky130_fd_sc_hd__nand2_1)
                  0.11    0.00    0.90 ^ Sum[3] (out)
                                  0.90   data arrival time

                  0.00   10.00   10.00   clock clk (rise edge)
                          0.00   10.00   clock network delay (ideal)
                          0.00   10.00   clock reconvergence pessimism
                         -0.20    9.80   output external delay
                                  9.80   data required time
-----------------------------------------------------------------------------
                                  9.80   data required time
                                 -0.90   data arrival time
-----------------------------------------------------------------------------
                                  8.90   slack (MET)


Startpoint: Cin (input port clocked by clk)
Endpoint: Sum[0] (output port clocked by clk)
Path Group: clk
Path Type: min

Fanout     Cap    Slew   Delay    Time   Description
-----------------------------------------------------------------------------
                  0.00    0.00    0.00   clock clk (rise edge)
                          0.00    0.00   clock network delay (ideal)
                          0.00    0.00 v input external delay
     2    0.00    0.01    0.01    0.01 v Cin (in)
                  0.01    0.00    0.01 v x1/x7/B (sky130_fd_sc_hd__nand2_1)
     1    0.00    0.04    0.04    0.05 ^ x1/x7/Y (sky130_fd_sc_hd__nand2_1)
                  0.04    0.00    0.05 ^ x1/x8/B (sky130_fd_sc_hd__nand2_1)
     1    0.01    0.08    0.08    0.13 v x1/x8/Y (sky130_fd_sc_hd__nand2_1)
                  0.08    0.00    0.13 v Sum[0] (out)
                                  0.13   data arrival time

                  0.00    0.00    0.00   clock clk (rise edge)
                          0.00    0.00   clock network delay (ideal)
                          0.00    0.00   clock reconvergence pessimism
                          0.02    0.02   output external delay
                                  0.02   data required time
-----------------------------------------------------------------------------
                                  0.02   data required time
                                 -0.13   data arrival time
-----------------------------------------------------------------------------
                                  0.11   slack (MET)


tns max 0.00
wns max 0.00
Group                  Internal  Switching    Leakage      Total
                          Power      Power      Power      Power (Watts)
----------------------------------------------------------------
Sequential             0.00e+00   0.00e+00   0.00e+00   0.00e+00   0.0%
Combinational          2.65e-06   5.42e-06   1.11e-10   8.07e-06 100.0%
Clock                  0.00e+00   0.00e+00   0.00e+00   0.00e+00   0.0%
Macro                  0.00e+00   0.00e+00   0.00e+00   0.00e+00   0.0%
Pad                    0.00e+00   0.00e+00   0.00e+00   0.00e+00   0.0%
----------------------------------------------------------------
Total                  2.65e-06   5.42e-06   1.11e-10   8.07e-06 100.0%
                          32.8%      67.2%       0.0%
