OpenSTA 3.1.0 1eb2e9b11d Copyright (c) 2026, Parallax Software, Inc.
License GPLv3: GNU GPL version 3 <http://gnu.org/licenses/gpl.html>

This is free software, and you are free to change and redistribute it
under certain conditions; type `show_copying' for details. 
This program comes with ABSOLUTELY NO WARRANTY; for details type `show_warranty'.
 time 1ns
 capacitance 1pF
 resistance 1kohm
 voltage 1v
 current 1mA
 power 1nW
 distance 1um
Startpoint: A[3] (input port clocked by clk)
Endpoint: Y[0] (output port clocked by clk)
Path Group: clk
Path Type: max

Fanout     Cap    Slew   Delay    Time   Description
-----------------------------------------------------------------------------
                  0.00    0.00    0.00   clock clk (rise edge)
                          0.00    0.00   clock network delay (ideal)
                          0.00    0.00 v input external delay
     3    0.01    0.02    0.01    0.01 v A[3] (in)
                  0.02    0.00    0.01 v x4/x1/A (sky130_fd_sc_hd__nor4_1)
     3    0.01    0.35    0.35    0.36 ^ x4/x1/Y (sky130_fd_sc_hd__nor4_1)
                  0.35    0.00    0.36 ^ x8/A (sky130_fd_sc_hd__inv_1)
     1    0.00    0.06    0.06    0.42 v x8/Y (sky130_fd_sc_hd__inv_1)
                  0.06    0.00    0.42 v x12/B (sky130_fd_sc_hd__and2_1)
     1    0.00    0.03    0.15    0.57 v x12/X (sky130_fd_sc_hd__and2_1)
                  0.03    0.00    0.57 v x11/B (sky130_fd_sc_hd__or2_1)
     1    0.00    0.04    0.19    0.76 v x11/X (sky130_fd_sc_hd__or2_1)
                  0.04    0.00    0.76 v x10/B (sky130_fd_sc_hd__and2_1)
     5    0.02    0.12    0.23    0.99 v x10/X (sky130_fd_sc_hd__and2_1)
                  0.12    0.00    0.99 v x17/S (sky130_fd_sc_hd__mux2_1)
     1    0.00    0.05    0.32    1.31 v x17/X (sky130_fd_sc_hd__mux2_1)
                  0.05    0.00    1.31 v x18/A1 (sky130_fd_sc_hd__mux2_1)
     1    0.01    0.09    0.34    1.64 v x18/X (sky130_fd_sc_hd__mux2_1)
                  0.09    0.00    1.64 v Y[0] (out)
                                  1.64   data arrival time

                  0.00   10.00   10.00   clock clk (rise edge)
                          0.00   10.00   clock network delay (ideal)
                          0.00   10.00   clock reconvergence pessimism
                         -0.20    9.80   output external delay
                                  9.80   data required time
-----------------------------------------------------------------------------
                                  9.80   data required time
                                 -1.64   data arrival time
-----------------------------------------------------------------------------
                                  8.16   slack (MET)


Startpoint: A[12] (input port clocked by clk)
Endpoint: Y[4] (output port clocked by clk)
Path Group: clk
Path Type: min

Fanout     Cap    Slew   Delay    Time   Description
-----------------------------------------------------------------------------
                  0.00    0.00    0.00   clock clk (rise edge)
                          0.00    0.00   clock network delay (ideal)
                          0.00    0.00 ^ input external delay
     3    0.01    0.03    0.02    0.02 ^ A[12] (in)
                  0.03    0.00    0.02 ^ x1/x1/D (sky130_fd_sc_hd__nor4_1)
     3    0.00    0.03    0.04    0.06 v x1/x1/Y (sky130_fd_sc_hd__nor4_1)
                  0.03    0.00    0.06 v x5/A (sky130_fd_sc_hd__and4_1)
     1    0.01    0.06    0.17    0.23 v x5/X (sky130_fd_sc_hd__and4_1)
                  0.06    0.00    0.23 v Y[4] (out)
                                  0.23   data arrival time

                  0.00    0.00    0.00   clock clk (rise edge)
                          0.00    0.00   clock network delay (ideal)
                          0.00    0.00   clock reconvergence pessimism
                          0.02    0.02   output external delay
                                  0.02   data required time
-----------------------------------------------------------------------------
                                  0.02   data required time
                                 -0.23   data arrival time
-----------------------------------------------------------------------------
                                  0.21   slack (MET)


tns max 0.00
wns max 0.00
Group                  Internal  Switching    Leakage      Total
                          Power      Power      Power      Power (Watts)
----------------------------------------------------------------
Sequential             0.00e+00   0.00e+00   0.00e+00   0.00e+00   0.0%
Combinational          3.81e-06   1.90e-06   1.52e-10   5.72e-06 100.0%
Clock                  0.00e+00   0.00e+00   0.00e+00   0.00e+00   0.0%
Macro                  0.00e+00   0.00e+00   0.00e+00   0.00e+00   0.0%
Pad                    0.00e+00   0.00e+00   0.00e+00   0.00e+00   0.0%
----------------------------------------------------------------
Total                  3.81e-06   1.90e-06   1.52e-10   5.72e-06 100.0%
                          66.7%      33.3%       0.0%
